<?xml version="1.0" encoding="UTF-8"?>
<!-- Generated by org.testng.reporters.JUnitReportReporter -->
<testsuite hostname="macs-MacBook-Pro.local" failures="0" tests="1" name="com.betika.test_cases.RegistrationTest" time="3.504" errors="0" timestamp="2023-12-13T19:36:17 WAT" skipped="0">
  <testcase classname="com.betika.test_cases.RegistrationTest" name="successfulRegistration" time="3.504"/>
  <system-out/>
</testsuite> <!-- com.betika.test_cases.RegistrationTest -->
