<?xml version="1.0" encoding="UTF-8"?>
<!-- Generated by org.testng.reporters.JUnitReportReporter -->
<testsuite hostname="macs-MacBook-Pro.local" failures="0" tests="2" name="com.betika.test_cases.BetPlacementTest" time="98.949" errors="0" timestamp="2023-12-13T20:11:17 WAT" skipped="0">
  <testcase classname="com.betika.test_cases.BetPlacementTest" name="betPlacementTest" time="54.079"/>
  <system-out/>
  <testcase classname="com.betika.test_cases.BetPlacementTest" name="betSlipShareTest" time="44.870"/>
  <system-out/>
</testsuite> <!-- com.betika.test_cases.BetPlacementTest -->
