<?xml version="1.0" encoding="UTF-8"?>
<!-- Generated by org.testng.reporters.JUnitReportReporter -->
<testsuite hostname="macs-MacBook-Pro.local" failures="0" tests="6" name="com.betika.test_cases.LoginDataProvider" time="-1702422400.000" errors="1" timestamp="2023-12-13T00:05:17 WAT" skipped="5">
  <testcase classname="com.betika.test_cases.LoginDataProvider" name="launchBrowser" time="-1702422400.000">
    <error message="
Parameter &#039;browser&#039; is required by BeforeClass on method launchBrowser but has not been marked @Optional or defined
in /Users/Johnkelvin/Desktop/Personal/betika/testng.xml" type="org.testng.TestNGException">
      <![CDATA[org.testng.TestNGException: 
Parameter 'browser' is required by BeforeClass on method launchBrowser but has not been marked @Optional or defined
in /Users/Johnkelvin/Desktop/Personal/betika/testng.xml
at org.testng.internal.Parameters.createParams(Parameters.java:267)
at org.testng.internal.Parameters.createParametersForMethod(Parameters.java:355)
at org.testng.internal.Parameters.createParameters(Parameters.java:684)
at org.testng.internal.Parameters.createConfigurationParameters(Parameters.java:166)
at org.testng.internal.invokers.ConfigInvoker.invokeConfigurations(ConfigInvoker.java:277)
at org.testng.internal.invokers.TestMethodWorker.invokeBeforeClassMethods(TestMethodWorker.java:180)
at org.testng.internal.invokers.TestMethodWorker.run(TestMethodWorker.java:122)
at java.base/java.util.concurrent.ThreadPoolExecutor.runWorker(ThreadPoolExecutor.java:1136)
at java.base/java.util.concurrent.ThreadPoolExecutor$Worker.run(ThreadPoolExecutor.java:635)
at java.base/java.lang.Thread.run(Thread.java:833)
]]>
    </error>
  </testcase> <!-- launchBrowser -->
  <system-out/>
  <testcase classname="com.betika.test_cases.LoginDataProvider" name="validLogin" time="0.000">
    <skipped/>
  </testcase> <!-- validLogin -->
  <system-out/>
  <testcase classname="com.betika.test_cases.LoginDataProvider" name="validLogin" time="0.000">
    <skipped/>
  </testcase> <!-- validLogin -->
  <system-out/>
  <testcase classname="com.betika.test_cases.LoginDataProvider" name="validLogin" time="0.000">
    <skipped/>
  </testcase> <!-- validLogin -->
  <system-out/>
  <testcase classname="com.betika.test_cases.LoginDataProvider" name="validLogin" time="0.000">
    <skipped/>
  </testcase> <!-- validLogin -->
  <system-out/>
  <testcase classname="com.betika.test_cases.LoginDataProvider" name="validLogin" time="0.000">
    <skipped/>
  </testcase> <!-- validLogin -->
  <system-out/>
</testsuite> <!-- com.betika.test_cases.LoginDataProvider -->
