<?xml version="1.0" encoding="UTF-8"?>
<!-- Generated by org.testng.reporters.JUnitReportReporter -->
<testsuite hostname="macs-MacBook-Pro.local" failures="0" tests="3" name="com.betika.test_cases.BetPlacementTest" time="1.094" errors="1" timestamp="2023-12-12T19:00:58 WAT" skipped="2">
  <testcase classname="com.betika.test_cases.BetPlacementTest" name="init" time="1.094">
    <error message="element not interactable
  (Session info: chrome=120.0.6099.71)
Build info: version: &#039;4.14.1&#039;, revision: &#039;03f8ede370&#039;
System info: os.name: &#039;Mac OS X&#039;, os.arch: &#039;x86_64&#039;, os.version: &#039;12.7.1&#039;, java.version: &#039;18.0.2&#039;
Driver info: org.openqa.selenium.chrome.ChromeDriver
Command: [ca7d62921d042a0d5e5bff25fd4d99ac, sendKeysToElement {id=963B50C03F6E8592FCD4A1467A6D1425_element_303, value=[Ljava.lang.CharSequence;@10ae3d0e}]
Capabilities {acceptInsecureCerts: false, browserName: chrome, browserVersion: 120.0.6099.71, chrome: {chromedriverVersion: 120.0.6099.71 (9729082fe617..., userDataDir: /var/folders/12/zf_cgt6d7w5...}, fedcm:accounts: true, goog:chromeOptions: {debuggerAddress: localhost:64460}, networkConnectionEnabled: false, pageLoadStrategy: normal, platformName: mac, proxy: Proxy(), se:cdp: ws://localhost:64460/devtoo..., se:cdpVersion: 120.0.6099.71, setWindowRect: true, strictFileInteractability: false, timeouts: {implicit: 0, pageLoad: 300000, script: 30000}, unhandledPromptBehavior: dismiss and notify, webauthn:extension:credBlob: true, webauthn:extension:largeBlob: true, webauthn:extension:minPinLength: true, webauthn:extension:prf: true, webauthn:virtualAuthenticators: true}
Element: [[ChromeDriver: chrome on mac (ca7d62921d042a0d5e5bff25fd4d99ac)] -&gt; xpath: //body/div[3]/div[1]/div[1]/div[2]/div[1]/div[1]/div[2]/div[2]/div[1]/input[1]]
Session ID: ca7d62921d042a0d5e5bff25fd4d99ac" type="org.openqa.selenium.ElementNotInteractableException">
      <![CDATA[org.openqa.selenium.ElementNotInteractableException: element not interactable
  (Session info: chrome=120.0.6099.71)
Build info: version: '4.14.1', revision: '03f8ede370'
System info: os.name: 'Mac OS X', os.arch: 'x86_64', os.version: '12.7.1', java.version: '18.0.2'
Driver info: org.openqa.selenium.chrome.ChromeDriver
Command: [ca7d62921d042a0d5e5bff25fd4d99ac, sendKeysToElement {id=963B50C03F6E8592FCD4A1467A6D1425_element_303, value=[Ljava.lang.CharSequence;@10ae3d0e}]
Capabilities {acceptInsecureCerts: false, browserName: chrome, browserVersion: 120.0.6099.71, chrome: {chromedriverVersion: 120.0.6099.71 (9729082fe617..., userDataDir: /var/folders/12/zf_cgt6d7w5...}, fedcm:accounts: true, goog:chromeOptions: {debuggerAddress: localhost:64460}, networkConnectionEnabled: false, pageLoadStrategy: normal, platformName: mac, proxy: Proxy(), se:cdp: ws://localhost:64460/devtoo..., se:cdpVersion: 120.0.6099.71, setWindowRect: true, strictFileInteractability: false, timeouts: {implicit: 0, pageLoad: 300000, script: 30000}, unhandledPromptBehavior: dismiss and notify, webauthn:extension:credBlob: true, webauthn:extension:largeBlob: true, webauthn:extension:minPinLength: true, webauthn:extension:prf: true, webauthn:virtualAuthenticators: true}
Element: [[ChromeDriver: chrome on mac (ca7d62921d042a0d5e5bff25fd4d99ac)] -> xpath: //body/div[3]/div[1]/div[1]/div[2]/div[1]/div[1]/div[2]/div[2]/div[1]/input[1]]
Session ID: ca7d62921d042a0d5e5bff25fd4d99ac
at java.base/jdk.internal.reflect.DirectConstructorHandleAccessor.newInstance(DirectConstructorHandleAccessor.java:67)
at java.base/java.lang.reflect.Constructor.newInstanceWithCaller(Constructor.java:499)
at java.base/java.lang.reflect.Constructor.newInstance(Constructor.java:483)
at org.openqa.selenium.remote.codec.w3c.W3CHttpResponseCodec.createException(W3CHttpResponseCodec.java:200)
at org.openqa.selenium.remote.codec.w3c.W3CHttpResponseCodec.decode(W3CHttpResponseCodec.java:133)
at org.openqa.selenium.remote.codec.w3c.W3CHttpResponseCodec.decode(W3CHttpResponseCodec.java:52)
at org.openqa.selenium.remote.HttpCommandExecutor.execute(HttpCommandExecutor.java:191)
at org.openqa.selenium.remote.service.DriverCommandExecutor.invokeExecute(DriverCommandExecutor.java:200)
at org.openqa.selenium.remote.service.DriverCommandExecutor.execute(DriverCommandExecutor.java:175)
at org.openqa.selenium.remote.RemoteWebDriver.execute(RemoteWebDriver.java:602)
at org.openqa.selenium.remote.RemoteWebElement.execute(RemoteWebElement.java:224)
at org.openqa.selenium.remote.RemoteWebElement.sendKeys(RemoteWebElement.java:111)
at java.base/jdk.internal.reflect.DirectMethodHandleAccessor.invoke(DirectMethodHandleAccessor.java:104)
at java.base/java.lang.reflect.Method.invoke(Method.java:577)
at org.openqa.selenium.support.pagefactory.internal.LocatingElementHandler.invoke(LocatingElementHandler.java:51)
at jdk.proxy2/jdk.proxy2.$Proxy13.sendKeys(Unknown Source)
at com.betika.test_cases.LoginTest.SuccessfulLoginTest(LoginTest.java:55)
at com.betika.test_cases.BetPlacementTest.init(BetPlacementTest.java:28)
at java.base/jdk.internal.reflect.DirectMethodHandleAccessor.invoke(DirectMethodHandleAccessor.java:104)
at java.base/java.lang.reflect.Method.invoke(Method.java:577)
at org.testng.internal.invokers.MethodInvocationHelper.invokeMethod(MethodInvocationHelper.java:139)
at org.testng.internal.invokers.MethodInvocationHelper.invokeMethodConsideringTimeout(MethodInvocationHelper.java:69)
at org.testng.internal.invokers.ConfigInvoker.invokeConfigurationMethod(ConfigInvoker.java:361)
at org.testng.internal.invokers.ConfigInvoker.invokeConfigurations(ConfigInvoker.java:296)
at org.testng.internal.invokers.TestMethodWorker.invokeBeforeClassMethods(TestMethodWorker.java:180)
at org.testng.internal.invokers.TestMethodWorker.run(TestMethodWorker.java:122)
at java.base/java.util.concurrent.ThreadPoolExecutor.runWorker(ThreadPoolExecutor.java:1136)
at java.base/java.util.concurrent.ThreadPoolExecutor$Worker.run(ThreadPoolExecutor.java:635)
at java.base/java.lang.Thread.run(Thread.java:833)
]]>
    </error>
  </testcase> <!-- init -->
  <system-out/>
  <testcase classname="com.betika.test_cases.BetPlacementTest" name="betPlacementTest" time="0.000">
    <skipped/>
  </testcase> <!-- betPlacementTest -->
  <system-out/>
  <testcase classname="com.betika.test_cases.BetPlacementTest" name="betSlipShareTest" time="0.000">
    <skipped/>
  </testcase> <!-- betSlipShareTest -->
  <system-out/>
</testsuite> <!-- com.betika.test_cases.BetPlacementTest -->
